<?xml version="1.0" encoding="UTF-8"?>
<!-- Generated by org.testng.reporters.JUnitReportReporter -->
<testsuite skipped="0" hostname="DESKTOP-JG54LMD" name="org.sample.AmazonTestNG" tests="3" failures="0" timestamp="10 Aug 2021 06:16:26 GMT" time="0.010" errors="0">
  <testcase name="tc01" time="0.002" classname="org.sample.AmazonTestNG"/>
  <testcase name="tc0" time="0.007" classname="org.sample.AmazonTestNG"/>
  <testcase name="tco2" time="0.001" classname="org.sample.AmazonTestNG"/>
</testsuite> <!-- org.sample.AmazonTestNG -->
